Started GET "/" for ::1 at 2023-06-14 15:03:53 +0800
Processing by Rails::WelcomeController#index as HTML
  Rendering /home/kevin/.rvm/gems/ruby-3.0.0/gems/railties-7.0.5/lib/rails/templates/rails/welcome/index.html.erb
  Rendered /home/kevin/.rvm/gems/ruby-3.0.0/gems/railties-7.0.5/lib/rails/templates/rails/welcome/index.html.erb (Duration: 2.3ms | Allocations: 831)
Completed 200 OK in 37ms (Views: 8.2ms | ActiveRecord: 0.0ms | Allocations: 9930)


Started GET "/" for ::1 at 2023-06-14 15:04:18 +0800
Processing by Rails::WelcomeController#index as HTML
  Rendering /home/kevin/.rvm/gems/ruby-3.0.0/gems/railties-7.0.5/lib/rails/templates/rails/welcome/index.html.erb
  Rendered /home/kevin/.rvm/gems/ruby-3.0.0/gems/railties-7.0.5/lib/rails/templates/rails/welcome/index.html.erb (Duration: 1.9ms | Allocations: 464)
Completed 200 OK in 7ms (Views: 5.2ms | ActiveRecord: 0.0ms | Allocations: 1386)


Started GET "/" for ::1 at 2023-06-14 15:05:03 +0800
Processing by Rails::WelcomeController#index as HTML
  Rendering /home/kevin/.rvm/gems/ruby-3.0.0/gems/railties-7.0.5/lib/rails/templates/rails/welcome/index.html.erb
  Rendered /home/kevin/.rvm/gems/ruby-3.0.0/gems/railties-7.0.5/lib/rails/templates/rails/welcome/index.html.erb (Duration: 0.2ms | Allocations: 16)
Completed 200 OK in 2ms (Views: 1.0ms | ActiveRecord: 0.0ms | Allocations: 281)


Started GET "/" for ::1 at 2023-06-14 15:05:21 +0800
Processing by Rails::WelcomeController#index as HTML
  Rendering /home/kevin/.rvm/gems/ruby-3.0.0/gems/railties-7.0.5/lib/rails/templates/rails/welcome/index.html.erb
  Rendered /home/kevin/.rvm/gems/ruby-3.0.0/gems/railties-7.0.5/lib/rails/templates/rails/welcome/index.html.erb (Duration: 2.6ms | Allocations: 728)
Completed 200 OK in 13ms (Views: 4.9ms | ActiveRecord: 0.0ms | Allocations: 7021)


Started GET "/" for ::1 at 2023-06-14 15:05:23 +0800
Processing by Rails::WelcomeController#index as HTML
  Rendering /home/kevin/.rvm/gems/ruby-3.0.0/gems/railties-7.0.5/lib/rails/templates/rails/welcome/index.html.erb
  Rendered /home/kevin/.rvm/gems/ruby-3.0.0/gems/railties-7.0.5/lib/rails/templates/rails/welcome/index.html.erb (Duration: 1.3ms | Allocations: 452)
Completed 200 OK in 4ms (Views: 2.9ms | ActiveRecord: 0.0ms | Allocations: 1361)


Started GET "/" for ::1 at 2023-06-14 15:06:21 +0800
Processing by Rails::WelcomeController#index as HTML
  Rendering /home/kevin/.rvm/gems/ruby-3.0.0/gems/railties-7.0.5/lib/rails/templates/rails/welcome/index.html.erb
  Rendered /home/kevin/.rvm/gems/ruby-3.0.0/gems/railties-7.0.5/lib/rails/templates/rails/welcome/index.html.erb (Duration: 0.2ms | Allocations: 16)
Completed 200 OK in 2ms (Views: 1.0ms | ActiveRecord: 0.0ms | Allocations: 281)


